<html>
<head>
<title>TestNG:  smoke test release 11.5</title>
<link href="../testng.css" rel="stylesheet" type="text/css" />
<link href="../my-testng.css" rel="stylesheet" type="text/css" />

<style type="text/css">
.log { display: none;} 
.stack-trace { display: none;} 
</style>
<script type="text/javascript">
<!--
function flip(e) {
  current = e.style.display;
  if (current == 'block') {
    e.style.display = 'none';
    return 0;
  }
  else {
    e.style.display = 'block';
    return 1;
  }
}

function toggleBox(szDivId, elem, msg1, msg2)
{
  var res = -1;  if (document.getElementById) {
    res = flip(document.getElementById(szDivId));
  }
  else if (document.all) {
    // this is the way old msie versions work
    res = flip(document.all[szDivId]);
  }
  if(elem) {
    if(res == 0) elem.innerHTML = msg1; else elem.innerHTML = msg2;
  }

}

function toggleAllBoxes() {
  if (document.getElementsByTagName) {
    d = document.getElementsByTagName('div');
    for (i = 0; i < d.length; i++) {
      if (d[i].className == 'log') {
        flip(d[i]);
      }
    }
  }
}

// -->
</script>

</head>
<body>
<h2 align='center'>smoke test release 11.5</h2><table border='1' align="center">
<tr>
<td>Tests passed/Failed/Skipped:</td><td>10/2/0</td>
</tr><tr>
<td>Started on:</td><td>Sun Feb 13 12:15:33 EST 2022</td>
</tr>
<tr><td>Total time:</td><td>26 seconds (26362 ms)</td>
</tr><tr>
<td>Included groups:</td><td></td>
</tr><tr>
<td>Excluded groups:</td><td></td>
</tr>
</table><p/>
<small><i>(Hover the method name to see the test class name)</i></small><p/>
<table width='100%' border='1' class='invocation-failed'>
<tr><td colspan='4' align='center'><b>FAILED TESTS</b></td></tr>
<tr><td><b>Test method</b></td>
<td width="30%"><b>Exception</b></td>
<td width="10%"><b>Time (seconds)</b></td>
<td><b>Instance</b></td>
</tr>
<tr>
<td title='package1.templateFive.btest()'><b>btest</b><br>Test class: package1.templateFive</td>
<td><div><pre>java.lang.AssertionError: expected [false] but found [true]
	at package1.templateFive.btest(templateFive.java:47)
... Removed 28 stack frames</pre></div><a href='#' onClick='toggleBox("stack-trace1783568981", this, "Click to show all stack frames", "Click to hide stack frames")'>Click to show all stack frames</a>
<div class='stack-trace' id='stack-trace1783568981'><pre>java.lang.AssertionError: expected [false] but found [true]
	at org.testng.Assert.fail(Assert.java:94)
	at org.testng.Assert.failNotEquals(Assert.java:496)
	at org.testng.Assert.assertFalse(Assert.java:63)
	at org.testng.Assert.assertFalse(Assert.java:73)
	at package1.templateFive.btest(templateFive.java:47)
	at sun.reflect.NativeMethodAccessorImpl.invoke0(Native Method)
	at sun.reflect.NativeMethodAccessorImpl.invoke(Unknown Source)
	at sun.reflect.DelegatingMethodAccessorImpl.invoke(Unknown Source)
	at java.lang.reflect.Method.invoke(Unknown Source)
	at org.testng.internal.MethodInvocationHelper.invokeMethod(MethodInvocationHelper.java:85)
	at org.testng.internal.Invoker.invokeMethod(Invoker.java:639)
	at org.testng.internal.Invoker.invokeTestMethod(Invoker.java:816)
	at org.testng.internal.Invoker.invokeTestMethods(Invoker.java:1124)
	at org.testng.internal.TestMethodWorker.invokeTestMethods(TestMethodWorker.java:125)
	at org.testng.internal.TestMethodWorker.run(TestMethodWorker.java:108)
	at org.testng.TestRunner.privateRun(TestRunner.java:774)
	at org.testng.TestRunner.run(TestRunner.java:624)
	at org.testng.SuiteRunner.runTest(SuiteRunner.java:359)
	at org.testng.SuiteRunner.runSequentially(SuiteRunner.java:354)
	at org.testng.SuiteRunner.privateRun(SuiteRunner.java:312)
	at org.testng.SuiteRunner.run(SuiteRunner.java:261)
	at org.testng.SuiteRunnerWorker.runSuite(SuiteRunnerWorker.java:52)
	at org.testng.SuiteRunnerWorker.run(SuiteRunnerWorker.java:86)
	at org.testng.TestNG.runSuitesSequentially(TestNG.java:1215)
	at org.testng.TestNG.runSuitesLocally(TestNG.java:1140)
	at org.testng.TestNG.run(TestNG.java:1048)
	at org.testng.remote.AbstractRemoteTestNG.run(AbstractRemoteTestNG.java:115)
	at org.testng.remote.RemoteTestNG.initAndRun(RemoteTestNG.java:251)
	at org.testng.remote.RemoteTestNG.main(RemoteTestNG.java:77)
</pre></div></td>
<td>0</td>
<td>package1.templateFive@100fc185</td></tr>
<tr>
<td title='sauceDemoTest.loginActionValidation.negativeLogin()'><b>negativeLogin</b><br>Test class: sauceDemoTest.loginActionValidation<br/>
<a href="#Output-684566052" onClick='toggleBox("Output-684566052", this, "Show output", "Hide output");'>Show output</a>

<a href="#Output-684566052" onClick="toggleAllBoxes();">Show all outputs</a>
<div class='log' id="Output-684566052">
validating login with negative credentials<br/>
</div>
</td>
<td><div><pre>junit.framework.ComparisonFailure: expected:&lt;...s://www.saucedemo.co[m]/&gt; but was:&lt;...s://www.saucedemo.co[]/&gt;
	at junit.framework.Assert.assertEquals(Assert.java:100)
	at junit.framework.Assert.assertEquals(Assert.java:107)
	at sauceDemoTest.loginActionValidation.negativeLogin(loginActionValidation.java:97)
... Removed 24 stack frames</pre></div><a href='#' onClick='toggleBox("stack-trace684566052", this, "Click to show all stack frames", "Click to hide stack frames")'>Click to show all stack frames</a>
<div class='stack-trace' id='stack-trace684566052'><pre>junit.framework.ComparisonFailure: expected:&lt;...s://www.saucedemo.co[m]/&gt; but was:&lt;...s://www.saucedemo.co[]/&gt;
	at junit.framework.Assert.assertEquals(Assert.java:100)
	at junit.framework.Assert.assertEquals(Assert.java:107)
	at sauceDemoTest.loginActionValidation.negativeLogin(loginActionValidation.java:97)
	at sun.reflect.NativeMethodAccessorImpl.invoke0(Native Method)
	at sun.reflect.NativeMethodAccessorImpl.invoke(Unknown Source)
	at sun.reflect.DelegatingMethodAccessorImpl.invoke(Unknown Source)
	at java.lang.reflect.Method.invoke(Unknown Source)
	at org.testng.internal.MethodInvocationHelper.invokeMethod(MethodInvocationHelper.java:85)
	at org.testng.internal.Invoker.invokeMethod(Invoker.java:639)
	at org.testng.internal.Invoker.invokeTestMethod(Invoker.java:816)
	at org.testng.internal.Invoker.invokeTestMethods(Invoker.java:1124)
	at org.testng.internal.TestMethodWorker.invokeTestMethods(TestMethodWorker.java:125)
	at org.testng.internal.TestMethodWorker.run(TestMethodWorker.java:108)
	at org.testng.TestRunner.privateRun(TestRunner.java:774)
	at org.testng.TestRunner.run(TestRunner.java:624)
	at org.testng.SuiteRunner.runTest(SuiteRunner.java:359)
	at org.testng.SuiteRunner.runSequentially(SuiteRunner.java:354)
	at org.testng.SuiteRunner.privateRun(SuiteRunner.java:312)
	at org.testng.SuiteRunner.run(SuiteRunner.java:261)
	at org.testng.SuiteRunnerWorker.runSuite(SuiteRunnerWorker.java:52)
	at org.testng.SuiteRunnerWorker.run(SuiteRunnerWorker.java:86)
	at org.testng.TestNG.runSuitesSequentially(TestNG.java:1215)
	at org.testng.TestNG.runSuitesLocally(TestNG.java:1140)
	at org.testng.TestNG.run(TestNG.java:1048)
	at org.testng.remote.AbstractRemoteTestNG.run(AbstractRemoteTestNG.java:115)
	at org.testng.remote.RemoteTestNG.initAndRun(RemoteTestNG.java:251)
	at org.testng.remote.RemoteTestNG.main(RemoteTestNG.java:77)
</pre></div></td>
<td>0</td>
<td>sauceDemoTest.loginActionValidation@56f4468b</td></tr>
</table><p>
<table width='100%' border='1' class='invocation-passed'>
<tr><td colspan='4' align='center'><b>PASSED TESTS</b></td></tr>
<tr><td><b>Test method</b></td>
<td width="30%"><b>Exception</b></td>
<td width="10%"><b>Time (seconds)</b></td>
<td><b>Instance</b></td>
</tr>
<tr>
<td title='sauceDemoTest.endToEnd.addProduct()'><b>addProduct</b><br>Test class: sauceDemoTest.endToEnd<br/>
<a href="#Output-1572256205" onClick='toggleBox("Output-1572256205", this, "Show output", "Hide output");'>Show output</a>

<a href="#Output-1572256205" onClick="toggleAllBoxes();">Show all outputs</a>
<div class='log' id="Output-1572256205">
validating if user can add product to the cart<br/>
</div>
</td>
<td></td>
<td>0</td>
<td>sauceDemoTest.endToEnd@5d5eef3d</td></tr>
<tr>
<td title='package1.templateFive.atest()'><b>atest</b><br>Test class: package1.templateFive</td>
<td></td>
<td>0</td>
<td>package1.templateFive@100fc185</td></tr>
<tr>
<td title='sauceDemoTest.endToEnd.checkoutProcess()'><b>checkoutProcess</b><br>Test class: sauceDemoTest.endToEnd<br/>
<a href="#Output-1863702030" onClick='toggleBox("Output-1863702030", this, "Show output", "Hide output");'>Show output</a>

<a href="#Output-1863702030" onClick="toggleAllBoxes();">Show all outputs</a>
<div class='log' id="Output-1863702030">
validating checkout is successful with a product<br/>
</div>
</td>
<td></td>
<td>2</td>
<td>sauceDemoTest.endToEnd@5d5eef3d</td></tr>
<tr>
<td title='sauceDemoTest.loginValidation.displayloginElements()'><b>displayloginElements</b><br>Test class: sauceDemoTest.loginValidation<br/>
<a href="#Output-1552326679" onClick='toggleBox("Output-1552326679", this, "Show output", "Hide output");'>Show output</a>

<a href="#Output-1552326679" onClick="toggleAllBoxes();">Show all outputs</a>
<div class='log' id="Output-1552326679">
validating username, password and login is displayed in the login page<br/>
</div>
</td>
<td></td>
<td>0</td>
<td>sauceDemoTest.loginValidation@6cc4c815</td></tr>
<tr>
<td title='sauceDemoTest.loginValidation.enableLoginElements()'><b>enableLoginElements</b><br>Test class: sauceDemoTest.loginValidation<br/>
<a href="#Output-1551629761" onClick='toggleBox("Output-1551629761", this, "Show output", "Hide output");'>Show output</a>

<a href="#Output-1551629761" onClick="toggleAllBoxes();">Show all outputs</a>
<div class='log' id="Output-1551629761">
validating username, password and login is enabled in the login page<br/>
</div>
</td>
<td></td>
<td>0</td>
<td>sauceDemoTest.loginValidation@6cc4c815</td></tr>
<tr>
<td title='sauceDemoTest.endToEnd.loginTest()'><b>loginTest</b><br>Test class: sauceDemoTest.endToEnd<br/>
<a href="#Output-959629210" onClick='toggleBox("Output-959629210", this, "Show output", "Hide output");'>Show output</a>

<a href="#Output-959629210" onClick="toggleAllBoxes();">Show all outputs</a>
<div class='log' id="Output-959629210">
Validating login with valid credential<br/>
</div>
</td>
<td></td>
<td>0</td>
<td>sauceDemoTest.endToEnd@5d5eef3d</td></tr>
<tr>
<td title='sauceDemoTest.loginActionValidation.positiveLogin()'><b>positiveLogin</b><br>Test class: sauceDemoTest.loginActionValidation<br/>
<a href="#Output-1204481453" onClick='toggleBox("Output-1204481453", this, "Show output", "Hide output");'>Show output</a>

<a href="#Output-1204481453" onClick="toggleAllBoxes();">Show all outputs</a>
<div class='log' id="Output-1204481453">
validating login with positive credentials<br/>
</div>
</td>
<td></td>
<td>0</td>
<td>sauceDemoTest.loginActionValidation@56f4468b</td></tr>
<tr>
<td title='sauceDemoTest.testSigmaSignup.validateElement()'><b>validateElement</b><br>Test class: sauceDemoTest.testSigmaSignup<br/>
<a href="#Output-1383519982" onClick='toggleBox("Output-1383519982", this, "Show output", "Hide output");'>Show output</a>

<a href="#Output-1383519982" onClick="toggleAllBoxes();">Show all outputs</a>
<div class='log' id="Output-1383519982">
validating if the full name and email is enabled<br/>
</div>
</td>
<td></td>
<td>0</td>
<td>sauceDemoTest.testSigmaSignup@3a82f6ef</td></tr>
<tr>
<td title='package1.templateFour.validateLoginElements()'><b>validateLoginElements</b><br>Test class: package1.templateFour</td>
<td></td>
<td>0</td>
<td>package1.templateFour@643b1d11</td></tr>
<tr>
<td title='package1.templateFour.validatePositiveLogin()'><b>validatePositiveLogin</b><br>Test class: package1.templateFour</td>
<td></td>
<td>0</td>
<td>package1.templateFour@643b1d11</td></tr>
</table><p>
</body>
</html>