<?xml version="1.0" encoding="UTF-8"?>
<!-- Generated by org.testng.reporters.JUnitXMLReporter -->
<testsuite hostname="DESKTOP-E69K95O" name="Regression for Release 11.5" tests="17" failures="2" timestamp="13 Feb 2022 17:24:20 GMT" time="26.41" errors="0">
  <testcase name="loginTest" time="0.329" classname="sauceDemoTest.endToEnd"/>
  <testcase name="addProduct" time="0.409" classname="sauceDemoTest.endToEnd"/>
  <testcase name="checkoutProcess" time="2.51" classname="sauceDemoTest.endToEnd"/>
  <testcase name="positiveLogin" time="0.412" classname="sauceDemoTest.loginActionValidation"/>
  <testcase name="negativeLogin" time="0.241" classname="sauceDemoTest.loginActionValidation">
    <failure type="junit.framework.ComparisonFailure" message="expected:&amp;lt;...s://www.saucedemo.co[m]/&amp;gt; but was:&amp;lt;...s://www.saucedemo.co[]/&amp;gt;">
      <![CDATA[junit.framework.ComparisonFailure: expected:<...s://www.saucedemo.co[m]/> but was:<...s://www.saucedemo.co[]/>
	at junit.framework.Assert.assertEquals(Assert.java:100)
	at junit.framework.Assert.assertEquals(Assert.java:107)
	at sauceDemoTest.loginActionValidation.negativeLogin(loginActionValidation.java:97)
... Removed 24 stack frames]]>
    </failure>
  </testcase> <!-- negativeLogin -->
  <testcase name="displayloginElements" time="0.109" classname="sauceDemoTest.loginValidation"/>
  <testcase name="enableLoginElements" time="0.091" classname="sauceDemoTest.loginValidation"/>
  <testcase name="validateElement" time="0.077" classname="sauceDemoTest.testSigmaSignup"/>
  <testcase name="atest" time="0.001" classname="package1.templateFive"/>
  <testcase name="btest" time="0.001" classname="package1.templateFive">
    <failure type="java.lang.AssertionError" message="expected [false] but found [true]">
      <![CDATA[java.lang.AssertionError: expected [false] but found [true]
	at package1.templateFive.btest(templateFive.java:47)
... Removed 28 stack frames]]>
    </failure>
  </testcase> <!-- btest -->
  <testcase name="validateLoginElements" time="0.0" classname="package1.templateFour"/>
  <testcase name="validatePositiveLogin" time="0.001" classname="package1.templateFour"/>
  <testcase name="mainTest" time="0.0" classname="package1.templateOne"/>
  <testcase name="btest" time="0.001" classname="package1.templateTwo"/>
  <testcase name="ctest" time="0.001" classname="package1.templateTwo"/>
  <testcase name="validateLoginElements" time="0.001" classname="package1.templatethree"/>
  <testcase name="validatePositiveLogin" time="0.0" classname="package1.templatethree"/>
</testsuite> <!-- Regression for Release 11.5 -->
